<?xml version="1.0" encoding="UTF-8"?>
<!-- Generated by org.testng.reporters.JUnitXMLReporter -->
<testsuite ignored="2" hostname="DESKTOP-H9255BB" failures="1" tests="2" name="Test" time="65.337" errors="0" timestamp="2022-01-23T10:12:44 IST">
  <testcase classname="com.crm.comcast.testng.CreateContactTestNgTest" name="createContactWithOrg" time="18.205">
    <failure type="java.lang.AssertionError" message="The following asserts failed:
	contact not created, test failed expected [true] but found [false]">
      <![CDATA[java.lang.AssertionError: The following asserts failed:
contact not created, test failed expected [true] but found [false]
at Com.crm.Objectrepositorylibrary.OrganizationInfoPage.orgVerification(OrganizationInfoPage.java:43)
at com.crm.comcast.testng.CreateContactTestNgTest.createContactWithOrg(CreateContactTestNgTest.java:84)
at java.base/java.util.ArrayList.forEach(ArrayList.java:1540)
... Removed 29 stack frames]]>
    </failure>
  </testcase> <!-- createContactWithOrg -->
  <testcase classname="com.crm.comcast.testng.CreateOrgTestNgTest" name="CreateOrgwithIndustryandTypetest" time="19.21"/>
  <testcase classname="com.crm.comcast.testng.CreateOrgTestNgTest" name="Createorgtest" time="0.0">
    <ignored/>
  </testcase> <!-- Createorgtest -->
  <testcase classname="com.crm.comcast.testng.CreateContactTestNgTest" name="createContact" time="0.0">
    <ignored/>
  </testcase> <!-- createContact -->
</testsuite> <!-- Test -->
