<?xml version="1.0" encoding="UTF-8"?>
<!-- Generated by org.testng.reporters.JUnitXMLReporter -->
<testsuite ignored="0" hostname="DESKTOP-H9255BB" failures="0" tests="2" name="Testrunner-2" time="117.166" errors="0" timestamp="2022-01-21T20:44:53 IST">
  <testcase classname="com.crm.comcast.testng.CreateOrgTestNgTest" name="CreateOrgwithIndustryandTypetest" time="32.199"/>
  <testcase classname="com.crm.comcast.testng.CreateOrgTestNgTest" name="Createorgtest" time="46.889"/>
</testsuite> <!-- Testrunner-2 -->
