<?xml version="1.0" encoding="UTF-8"?>
<!-- Generated by org.testng.reporters.JUnitXMLReporter -->
<testsuite ignored="0" hostname="DESKTOP-H9255BB" failures="0" tests="2" name="Testrunner-1" time="186.558" errors="0" timestamp="2022-01-21T20:46:03 IST">
  <testcase classname="com.crm.comcast.testng.CreateContactTestNgTest" name="createContact" time="34.916"/>
  <testcase classname="com.crm.comcast.testng.CreateContactTestNgTest" name="createContactWithOrg" time="115.816"/>
</testsuite> <!-- Testrunner-1 -->
