<?xml version="1.0" encoding="UTF-8"?>
<!-- Generated by org.testng.reporters.JUnitXMLReporter -->
<testsuite ignored="2" hostname="DESKTOP-H9255BB" failures="0" tests="2" name="Test" time="181.917" errors="0" timestamp="2022-01-27T15:42:31 IST">
  <testcase classname="com.crm.comcast.testng.CreateContactTestNgTest" name="createContact" time="61.625"/>
  <testcase classname="com.crm.comcast.testng.CreateOrgTestNgTest" name="Createorgtest" time="30.385"/>
  <testcase classname="com.crm.comcast.testng.CreateOrgTestNgTest" name="CreateOrgwithIndustryandTypetest" time="0.0">
    <ignored/>
  </testcase> <!-- CreateOrgwithIndustryandTypetest -->
  <testcase classname="com.crm.comcast.testng.CreateContactTestNgTest" name="createContactWithOrg" time="0.0">
    <ignored/>
  </testcase> <!-- createContactWithOrg -->
</testsuite> <!-- Test -->
