<?xml version="1.0" encoding="UTF-8"?>
<testng-results ignored="0" total="1" passed="1" failed="0" skipped="0">
  <reporter-output>
  </reporter-output>
  <suite started-at="2022-01-27T20:58:40 IST" name="Default suite" finished-at="2022-01-27T20:58:55 IST" duration-ms="14915">
    <groups>
    </groups>
    <test started-at="2022-01-27T20:58:40 IST" name="Default test" finished-at="2022-01-27T20:58:55 IST" duration-ms="14915">
      <class name="Practice1.Screenshot">
        <test-method signature="takescreenshot()[pri:0, instance:Practice1.Screenshot@770d3326]" started-at="2022-01-27T20:58:40 IST" name="takescreenshot" finished-at="2022-01-27T20:58:55 IST" duration-ms="14850" status="PASS">
          <reporter-output>
          </reporter-output>
        </test-method> <!-- takescreenshot -->
      </class> <!-- Practice1.Screenshot -->
    </test> <!-- Default test -->
  </suite> <!-- Default suite -->
</testng-results>
